TN:
SF:src\modules\appointments\services\CreateAppointmentService.ts
FN:27,(anonymous_18)
FN:28,CreateAppointmentService
FN:37,(anonymous_20)
FNF:3
FNH:3
FNDA:1,(anonymous_18)
FNDA:5,CreateAppointmentService
FNDA:7,(anonymous_20)
DA:1,1
DA:2,1
DA:4,1
DA:27,1
DA:30,5
DA:32,5
DA:34,5
DA:37,1
DA:38,7
DA:39,7
DA:40,7
DA:42,7
DA:44,7
DA:45,3
DA:48,4
DA:49,1
DA:52,3
DA:53,1
DA:58,2
DA:62,2
DA:63,0
DA:72,2
DA:78,2
DA:80,4
DA:85,4
DA:92,2
DA:94,1
DA:96,1
LF:28
LH:27
BRDA:44,0,0,3
BRDA:44,0,1,4
BRDA:48,1,0,1
BRDA:48,1,1,3
BRDA:52,2,0,1
BRDA:52,2,1,2
BRDA:52,3,0,3
BRDA:52,3,1,2
BRDA:62,4,0,0
BRDA:62,4,1,2
BRF:10
BRH:9
end_of_record
TN:
SF:src\modules\appointments\services\ListProviderDayAvailabilityService.ts
FN:22,(anonymous_17)
FN:23,ListProviderDayAvailabilityService
FN:28,(anonymous_19)
FN:47,(anonymous_22)
FN:52,(anonymous_23)
FN:54,(anonymous_24)
FNF:6
FNH:6
FNDA:1,(anonymous_17)
FNDA:1,ListProviderDayAvailabilityService
FNDA:1,(anonymous_19)
FNDA:10,(anonymous_22)
FNDA:10,(anonymous_23)
FNDA:19,(anonymous_24)
DA:1,1
DA:2,1
DA:22,1
DA:25,1
DA:28,1
DA:29,1
DA:30,1
DA:31,1
DA:32,1
DA:34,1
DA:43,1
DA:45,1
DA:47,10
DA:50,1
DA:52,1
DA:53,10
DA:54,19
DA:57,10
DA:59,10
DA:65,1
DA:67,1
DA:69,1
LF:22
LH:22
BRDA:34,0,0,1
BRDA:61,1,0,10
BRDA:61,1,1,8
BRF:3
BRH:3
end_of_record
TN:
SF:src\modules\appointments\services\ListProviderMonthAvailabilityService.ts
FN:21,(anonymous_17)
FN:22,ListProviderMonthAvailabilityService
FN:27,(anonymous_19)
FN:45,(anonymous_22)
FN:49,(anonymous_23)
FN:50,(anonymous_24)
FNF:6
FNH:6
FNDA:1,(anonymous_17)
FNDA:1,ListProviderMonthAvailabilityService
FNDA:1,(anonymous_19)
FNDA:31,(anonymous_22)
FNDA:31,(anonymous_23)
FNDA:341,(anonymous_24)
DA:1,1
DA:2,1
DA:21,1
DA:24,1
DA:27,1
DA:28,1
DA:29,1
DA:30,1
DA:32,1
DA:40,1
DA:43,1
DA:45,31
DA:49,1
DA:50,31
DA:52,341
DA:55,31
DA:61,1
DA:63,1
DA:65,1
LF:19
LH:19
BRDA:32,0,0,1
BRF:1
BRH:1
end_of_record
TN:
SF:src\modules\appointments\services\ListProvidersService.ts
FN:14,(anonymous_18)
FN:15,ListProvidersService
FN:23,(anonymous_20)
FNF:3
FNH:3
FNDA:1,(anonymous_18)
FNDA:1,ListProvidersService
FNDA:1,(anonymous_20)
DA:1,1
DA:3,1
DA:14,1
DA:17,1
DA:20,1
DA:23,1
DA:24,1
DA:28,1
DA:29,1
DA:33,1
DA:34,0
DA:37,2
DA:40,1
DA:42,1
DA:44,1
LF:15
LH:14
BRDA:24,0,0,1
BRDA:24,0,1,1
BRDA:28,1,0,0
BRDA:28,1,1,1
BRDA:33,2,0,0
BRDA:33,2,1,1
BRF:6
BRH:4
end_of_record
TN:
SF:src\modules\users\services\AuthenticateUserService.ts
FN:25,(anonymous_18)
FN:26,AuthenticateUserService
FN:34,(anonymous_20)
FNF:3
FNH:3
FNDA:1,(anonymous_18)
FNDA:3,AuthenticateUserService
FNDA:3,(anonymous_20)
DA:4,1
DA:5,1
DA:6,1
DA:8,1
DA:25,1
DA:28,3
DA:31,3
DA:34,3
DA:35,3
DA:37,3
DA:38,1
DA:43,2
DA:48,2
DA:49,1
DA:67,1
DA:69,1
DA:74,1
DA:79,1
DA:81,1
LF:19
LH:19
BRDA:35,0,0,3
BRDA:37,1,0,1
BRDA:37,1,1,2
BRDA:48,2,0,1
BRDA:48,2,1,1
BRF:5
BRH:5
end_of_record
TN:
SF:src\modules\users\services\CreateUserService.ts
FN:16,(anonymous_18)
FN:17,CreateUserService
FN:28,(anonymous_20)
FNF:3
FNH:3
FNDA:1,(anonymous_18)
FNDA:2,CreateUserService
FNDA:3,(anonymous_20)
DA:1,1
DA:2,1
DA:16,1
DA:19,2
DA:22,2
DA:25,2
DA:28,3
DA:29,3
DA:31,3
DA:32,1
DA:37,2
DA:39,2
DA:45,4
DA:47,2
DA:49,1
DA:51,1
LF:16
LH:16
BRDA:29,0,0,3
BRDA:31,1,0,1
BRDA:31,1,1,2
BRF:3
BRH:3
end_of_record
TN:
SF:src\modules\users\services\ResetPasswordService.ts
FN:17,(anonymous_18)
FN:18,ResetPasswordService
FN:29,(anonymous_20)
FNF:3
FNH:0
FNDA:0,(anonymous_18)
FNDA:0,ResetPasswordService
FNDA:0,(anonymous_20)
DA:1,0
DA:2,0
DA:4,0
DA:17,0
DA:20,0
DA:23,0
DA:26,0
DA:29,0
DA:30,0
DA:32,0
DA:33,0
DA:35,0
DA:37,0
DA:38,0
DA:41,0
DA:42,0
DA:44,0
DA:45,0
DA:48,0
DA:50,0
DA:52,0
DA:54,0
LF:22
LH:0
BRDA:30,0,0,0
BRDA:32,1,0,0
BRDA:32,1,1,0
BRDA:37,2,0,0
BRDA:37,2,1,0
BRDA:44,3,0,0
BRDA:44,3,1,0
BRF:7
BRH:0
end_of_record
TN:
SF:src\modules\users\services\SendForgotPasswordEmailService.ts
FN:16,(anonymous_18)
FN:17,SendForgotPasswordEmailService
FN:28,(anonymous_20)
FNF:3
FNH:3
FNDA:1,(anonymous_18)
FNDA:3,SendForgotPasswordEmailService
FNDA:3,(anonymous_20)
DA:1,1
DA:2,1
DA:4,1
DA:16,1
DA:19,3
DA:22,3
DA:25,3
DA:28,3
DA:29,3
DA:31,3
DA:32,1
DA:35,2
DA:37,2
DA:44,4
DA:64,1
DA:66,1
LF:16
LH:16
BRDA:29,0,0,3
BRDA:31,1,0,1
BRDA:31,1,1,2
BRF:3
BRH:3
end_of_record
TN:
SF:src\modules\users\services\ShowProfileService.ts
FN:13,(anonymous_18)
FN:14,ShowProfileService
FN:19,(anonymous_20)
FNF:3
FNH:3
FNDA:1,(anonymous_18)
FNDA:2,ShowProfileService
FNDA:2,(anonymous_20)
DA:1,1
DA:3,1
DA:13,1
DA:16,2
DA:19,2
DA:20,2
DA:22,2
DA:23,1
DA:26,1
DA:28,1
DA:30,1
LF:11
LH:11
BRDA:20,0,0,2
BRDA:22,1,0,1
BRDA:22,1,1,1
BRF:3
BRH:3
end_of_record
TN:
SF:src\modules\users\services\UpdateProfileService.ts
FN:19,(anonymous_18)
FN:20,UpdateProfileService
FN:28,(anonymous_20)
FNF:3
FNH:0
FNDA:0,(anonymous_18)
FNDA:0,UpdateProfileService
FNDA:0,(anonymous_20)
DA:1,0
DA:3,0
DA:19,0
DA:22,0
DA:25,0
DA:28,0
DA:29,0
DA:30,0
DA:31,0
DA:32,0
DA:33,0
DA:35,0
DA:37,0
DA:38,0
DA:41,0
DA:43,0
DA:44,0
DA:47,0
DA:48,0
DA:50,0
DA:51,0
DA:56,0
DA:57,0
DA:62,0
DA:63,0
DA:66,0
DA:69,0
DA:71,0
DA:73,0
LF:29
LH:0
BRDA:35,0,0,0
BRDA:35,0,1,0
BRDA:37,1,0,0
BRDA:37,1,1,0
BRDA:43,2,0,0
BRDA:43,2,1,0
BRDA:43,3,0,0
BRDA:43,3,1,0
BRDA:50,4,0,0
BRDA:50,4,1,0
BRDA:50,5,0,0
BRDA:50,5,1,0
BRDA:56,6,0,0
BRDA:56,6,1,0
BRDA:56,7,0,0
BRDA:56,7,1,0
BRDA:62,8,0,0
BRDA:62,8,1,0
BRF:18
BRH:0
end_of_record
TN:
SF:src\modules\users\services\UpdateUserAvatarService.ts
FN:18,(anonymous_18)
FN:19,UpdateUserAvatarService
FN:27,(anonymous_20)
FNF:3
FNH:3
FNDA:1,(anonymous_18)
FNDA:3,UpdateUserAvatarService
FNDA:4,(anonymous_20)
DA:4,1
DA:6,1
DA:18,1
DA:21,3
DA:24,3
DA:27,4
DA:28,4
DA:30,4
DA:31,1
DA:34,5
DA:35,2
DA:49,3
DA:52,3
DA:54,6
DA:56,3
DA:58,1
DA:60,1
LF:17
LH:17
BRDA:28,0,0,4
BRDA:28,0,1,3
BRDA:30,1,0,1
BRDA:30,1,1,3
BRDA:34,2,0,2
BRDA:34,2,1,1
BRF:6
BRH:6
end_of_record
