# JRE version: Java(TM) SE Runtime Environment (8.0_251-b08) (build 1.8.0_251-b08)
# Java VM: Java HotSpot(TM) 64-Bit Server VM (25.251-b08 mixed mode windows-amd64 compressed oops)
Heap:
 PSYoungGen      total 138752K, used 112384K [0x00000000f5580000, 0x0000000100000000, 0x0000000100000000)
  eden space 107520K, 100% used [0x00000000f5580000,0x00000000fbe80000,0x00000000fbe80000)
  from space 31232K, 15% used [0x00000000fbe80000,0x00000000fc340040,0x00000000fdd00000)
  to   space 30720K, 20% used [0x00000000fe200000,0x00000000fe846de0,0x0000000100000000)
 ParOldGen       total 349696K, used 185355K [0x00000000e0000000, 0x00000000f5580000, 0x00000000f5580000)
  object space 349696K, 53% used [0x00000000e0000000,0x00000000eb502ce8,0x00000000f5580000)
 Metaspace       used 104766K, capacity 111738K, committed 112000K, reserved 1146880K
  class space    used 13543K, capacity 14877K, committed 14976K, reserved 1048576K
GC Heap History (10 events):
Event: 1528.125 GC heap after
Heap after GC invocations=56 (full 5):
 PSYoungGen      total 132608K, used 6480K [0x00000000f5580000, 0x0000000100000000, 0x0000000100000000)
  eden space 95744K, 0% used [0x00000000f5580000,0x00000000f5580000,0x00000000fb300000)
  from space 36864K, 17% used [0x00000000fb300000,0x00000000fb954330,0x00000000fd700000)
  to   space 36352K, 0% used [0x00000000fdc80000,0x00000000fdc80000,0x0000000100000000)
 ParOldGen       total 349696K, used 174019K [0x00000000e0000000, 0x00000000f5580000, 0x00000000f5580000)
  object space 349696K, 49% used [0x00000000e0000000,0x00000000ea9f0e90,0x00000000f5580000)
 Metaspace       used 104215K, capacity 111068K, committed 111232K, reserved 1144832K
  class space    used 13528K, capacity 14862K, committed 14976K, reserved 1048576K
}
Event: 1538.889 GC heap before
{Heap before GC invocations=57 (full 5):
 PSYoungGen      total 132608K, used 102224K [0x00000000f5580000, 0x0000000100000000, 0x0000000100000000)
  eden space 95744K, 99% used [0x00000000f5580000,0x00000000fb2ffe18,0x00000000fb300000)
  from space 36864K, 17% used [0x00000000fb300000,0x00000000fb954330,0x00000000fd700000)
  to   space 36352K, 0% used [0x00000000fdc80000,0x00000000fdc80000,0x0000000100000000)
 ParOldGen       total 349696K, used 174019K [0x00000000e0000000, 0x00000000f5580000, 0x00000000f5580000)
  object space 349696K, 49% used [0x00000000e0000000,0x00000000ea9f0e90,0x00000000f5580000)
 Metaspace       used 104513K, capacity 111392K, committed 111744K, reserved 1146880K
  class space    used 13531K, capacity 14862K, committed 14976K, reserved 1048576K
Event: 1539.082 GC heap after
Heap after GC invocations=57 (full 5):
 PSYoungGen      total 133120K, used 10699K [0x00000000f5580000, 0x00000000ffb80000, 0x0000000100000000)
  eden space 101376K, 0% used [0x00000000f5580000,0x00000000f5580000,0x00000000fb880000)
  from space 31744K, 33% used [0x00000000fdc80000,0x00000000fe6f2e68,0x00000000ffb80000)
  to   space 34304K, 0% used [0x00000000fb880000,0x00000000fb880000,0x00000000fda00000)
 ParOldGen       total 349696K, used 174524K [0x00000000e0000000, 0x00000000f5580000, 0x00000000f5580000)
  object space 349696K, 49% used [0x00000000e0000000,0x00000000eaa6f390,0x00000000f5580000)
 Metaspace       used 104513K, capacity 111392K, committed 111744K, reserved 1146880K
  class space    used 13531K, capacity 14862K, committed 14976K, reserved 1048576K
}
Event: 1542.950 GC heap before
{Heap before GC invocations=58 (full 5):
 PSYoungGen      total 133120K, used 112075K [0x00000000f5580000, 0x00000000ffb80000, 0x0000000100000000)
  eden space 101376K, 100% used [0x00000000f5580000,0x00000000fb880000,0x00000000fb880000)
  from space 31744K, 33% used [0x00000000fdc80000,0x00000000fe6f2e68,0x00000000ffb80000)
  to   space 34304K, 0% used [0x00000000fb880000,0x00000000fb880000,0x00000000fda00000)
 ParOldGen       total 349696K, used 174524K [0x00000000e0000000, 0x00000000f5580000, 0x00000000f5580000)
  object space 349696K, 49% used [0x00000000e0000000,0x00000000eaa6f390,0x00000000f5580000)
 Metaspace       used 104606K, capacity 111608K, committed 112000K, reserved 1146880K
  class space    used 13533K, capacity 14866K, committed 14976K, reserved 1048576K
Event: 1543.091 GC heap after
Heap after GC invocations=58 (full 5):
 PSYoungGen      total 135680K, used 10473K [0x00000000f5580000, 0x00000000fff80000, 0x0000000100000000)
  eden space 101376K, 0% used [0x00000000f5580000,0x00000000f5580000,0x00000000fb880000)
  from space 34304K, 30% used [0x00000000fb880000,0x00000000fc2ba758,0x00000000fda00000)
  to   space 32768K, 0% used [0x00000000fdf80000,0x00000000fdf80000,0x00000000fff80000)
 ParOldGen       total 349696K, used 174852K [0x00000000e0000000, 0x00000000f5580000, 0x00000000f5580000)
  object space 349696K, 50% used [0x00000000e0000000,0x00000000eaac13c0,0x00000000f5580000)
 Metaspace       used 104606K, capacity 111608K, committed 112000K, reserved 1146880K
  class space    used 13533K, capacity 14866K, committed 14976K, reserved 1048576K
}
Event: 1546.682 GC heap before
{Heap before GC invocations=59 (full 5):
 PSYoungGen      total 135680K, used 111849K [0x00000000f5580000, 0x00000000fff80000, 0x0000000100000000)
  eden space 101376K, 100% used [0x00000000f5580000,0x00000000fb880000,0x00000000fb880000)
  from space 34304K, 30% used [0x00000000fb880000,0x00000000fc2ba758,0x00000000fda00000)
  to   space 32768K, 0% used [0x00000000fdf80000,0x00000000fdf80000,0x00000000fff80000)
 ParOldGen       total 349696K, used 174852K [0x00000000e0000000, 0x00000000f5580000, 0x00000000f5580000)
  object space 349696K, 50% used [0x00000000e0000000,0x00000000eaac13c0,0x00000000f5580000)
 Metaspace       used 104645K, capacity 111608K, committed 112000K, reserved 1146880K
  class space    used 13533K, capacity 14866K, committed 14976K, reserved 1048576K
Event: 1546.746 GC heap after
Heap after GC invocations=59 (full 5):
 PSYoungGen      total 136192K, used 12413K [0x00000000f5580000, 0x00000000ffb80000, 0x0000000100000000)
  eden space 107520K, 0% used [0x00000000f5580000,0x00000000f5580000,0x00000000fbe80000)
  from space 28672K, 43% used [0x00000000fdf80000,0x00000000feb9f420,0x00000000ffb80000)
  to   space 31232K, 0% used [0x00000000fbe80000,0x00000000fbe80000,0x00000000fdd00000)
 ParOldGen       total 349696K, used 175362K [0x00000000e0000000, 0x00000000f5580000, 0x00000000f5580000)
  object space 349696K, 50% used [0x00000000e0000000,0x00000000eab40860,0x00000000f5580000)
 Metaspace       used 104645K, capacity 111608K, committed 112000K, reserved 1146880K
  class space    used 13533K, capacity 14866K, committed 14976K, reserved 1048576K
}
Event: 1552.368 GC heap before
{Heap before GC invocations=60 (full 5):
 PSYoungGen      total 136192K, used 119933K [0x00000000f5580000, 0x00000000ffb80000, 0x0000000100000000)
  eden space 107520K, 100% used [0x00000000f5580000,0x00000000fbe80000,0x00000000fbe80000)
  from space 28672K, 43% used [0x00000000fdf80000,0x00000000feb9f420,0x00000000ffb80000)
  to   space 31232K, 0% used [0x00000000fbe80000,0x00000000fbe80000,0x00000000fdd00000)
 ParOldGen       total 349696K, used 175362K [0x00000000e0000000, 0x00000000f5580000, 0x00000000f5580000)
  object space 349696K, 50% used [0x00000000e0000000,0x00000000eab40860,0x00000000f5580000)
 Metaspace       used 104740K, capacity 111670K, committed 112000K, reserved 1146880K
  class space    used 13543K, capacity 14877K, committed 14976K, reserved 1048576K
Event: 1552.527 GC heap after
Heap after GC invocations=60 (full 5):
 PSYoungGen      total 138752K, used 4864K [0x00000000f5580000, 0x0000000100000000, 0x0000000100000000)
  eden space 107520K, 0% used [0x00000000f5580000,0x00000000f5580000,0x00000000fbe80000)
  from space 31232K, 15% used [0x00000000fbe80000,0x00000000fc340040,0x00000000fdd00000)
  to   space 30720K, 0% used [0x00000000fe200000,0x00000000fe200000,0x0000000100000000)
 ParOldGen       total 349696K, used 180735K [0x00000000e0000000, 0x00000000f5580000, 0x00000000f5580000)
  object space 349696K, 51% used [0x00000000e0000000,0x00000000eb07fca8,0x00000000f5580000)
 Metaspace       used 104740K, capacity 111670K, committed 112000K, reserved 1146880K
  class space    used 13543K, capacity 14877K, committed 14976K, reserved 1048576K
}
Event: 1555.594 GC heap before
{Heap before GC invocations=61 (full 5):
 PSYoungGen      total 138752K, used 112384K [0x00000000f5580000, 0x0000000100000000, 0x0000000100000000)
  eden space 107520K, 100% used [0x00000000f5580000,0x00000000fbe80000,0x00000000fbe80000)
  from space 31232K, 15% used [0x00000000fbe80000,0x00000000fc340040,0x00000000fdd00000)
  to   space 30720K, 0% used [0x00000000fe200000,0x00000000fe200000,0x0000000100000000)
 ParOldGen       total 349696K, used 180735K [0x00000000e0000000, 0x00000000f5580000, 0x00000000f5580000)
  object space 349696K, 51% used [0x00000000e0000000,0x00000000eb07fca8,0x00000000f5580000)
 Metaspace       used 104766K, capacity 111738K, committed 112000K, reserved 1146880K
  class space    used 13543K, capacity 14877K, committed 14976K, reserved 1048576K

